Build started 10/4/2022 10:26:47 PM.
     1>Project "D:\ZombieAttack\iGraphics Project\iGraphics Project\iGraphics Project.vcxproj" on node 2 (Build target(s)).
     1>ClCompile:
         C:\Program Files (x86)\Microsoft Visual Studio 12.0\VC\bin\CL.exe /c /ZI /nologo /W3 /WX- /Od /Oy- /D _MBCS /Gm /EHsc /RTC1 /MDd /GS /fp:precise /Zc:wchar_t /Zc:forScope /Fo"Debug\\" /Fd"Debug\vc120.pdb" /Gd /TP /analyze- /errorReport:prompt iMain.cpp
         iMain.cpp
     1>d:\zombieattack\igraphics project\igraphics project\imain.cpp(7): warning C4005: 'upperbackgroundspeed' : macro redefinition
                 d:\zombieattack\igraphics project\igraphics project\variable.h(5) : see previous definition of 'upperbackgroundspeed'
     1>d:\zombieattack\igraphics project\igraphics project\imain.cpp(11): warning C4005: 'BulletNumber' : macro redefinition
                 d:\zombieattack\igraphics project\igraphics project\variable.h(9) : see previous definition of 'BulletNumber'
     1>d:\zombieattack\igraphics project\igraphics project\imain.cpp(109): warning C4996: 'sprintf': This function or variable may be unsafe. Consider using sprintf_s instead. To disable deprecation, use _CRT_SECURE_NO_WARNINGS. See online help for details.
                 c:\program files (x86)\microsoft visual studio 12.0\vc\include\stdio.h(356) : see declaration of 'sprintf'
     1>d:\zombieattack\igraphics project\igraphics project\imain.cpp(128): warning C4996: 'fopen': This function or variable may be unsafe. Consider using fopen_s instead. To disable deprecation, use _CRT_SECURE_NO_WARNINGS. See online help for details.
                 c:\program files (x86)\microsoft visual studio 12.0\vc\include\stdio.h(211) : see declaration of 'fopen'
     1>d:\zombieattack\igraphics project\igraphics project\imain.cpp(134): warning C4996: 'fscanf': This function or variable may be unsafe. Consider using fscanf_s instead. To disable deprecation, use _CRT_SECURE_NO_WARNINGS. See online help for details.
                 c:\program files (x86)\microsoft visual studio 12.0\vc\include\stdio.h(230) : see declaration of 'fscanf'
     1>d:\zombieattack\igraphics project\igraphics project\imain.cpp(162): warning C4996: 'fopen': This function or variable may be unsafe. Consider using fopen_s instead. To disable deprecation, use _CRT_SECURE_NO_WARNINGS. See online help for details.
                 c:\program files (x86)\microsoft visual studio 12.0\vc\include\stdio.h(211) : see declaration of 'fopen'
     1>d:\zombieattack\igraphics project\igraphics project\imain.cpp(140): warning C4101: 'z' : unreferenced local variable
     1>d:\zombieattack\igraphics project\igraphics project\imain.cpp(182): warning C4996: 'fopen': This function or variable may be unsafe. Consider using fopen_s instead. To disable deprecation, use _CRT_SECURE_NO_WARNINGS. See online help for details.
                 c:\program files (x86)\microsoft visual studio 12.0\vc\include\stdio.h(211) : see declaration of 'fopen'
     1>d:\zombieattack\igraphics project\igraphics project\imain.cpp(186): warning C4996: 'fscanf': This function or variable may be unsafe. Consider using fscanf_s instead. To disable deprecation, use _CRT_SECURE_NO_WARNINGS. See online help for details.
                 c:\program files (x86)\microsoft visual studio 12.0\vc\include\stdio.h(230) : see declaration of 'fscanf'
     1>d:\zombieattack\igraphics project\igraphics project\imain.cpp(224): warning C4996: 'sprintf': This function or variable may be unsafe. Consider using sprintf_s instead. To disable deprecation, use _CRT_SECURE_NO_WARNINGS. See online help for details.
                 c:\program files (x86)\microsoft visual studio 12.0\vc\include\stdio.h(356) : see declaration of 'sprintf'
       Link:
         C:\Program Files (x86)\Microsoft Visual Studio 12.0\VC\bin\link.exe /ERRORREPORT:PROMPT /OUT:"D:\ZombieAttack\iGraphics Project\Debug\iGraphics Project.exe" /INCREMENTAL /NOLOGO kernel32.lib user32.lib gdi32.lib winspool.lib comdlg32.lib advapi32.lib shell32.lib ole32.lib oleaut32.lib uuid.lib odbc32.lib odbccp32.lib /MANIFEST /MANIFESTUAC:"level='asInvoker' uiAccess='false'" /manifest:embed /DEBUG /PDB:"D:\ZombieAttack\iGraphics Project\Debug\iGraphics Project.pdb" /TLBID:1 /DYNAMICBASE /NXCOMPAT /IMPLIB:"D:\ZombieAttack\iGraphics Project\Debug\iGraphics Project.lib" /MACHINE:X86 Debug\iMain.obj
         iGraphics Project.vcxproj -> D:\ZombieAttack\iGraphics Project\Debug\iGraphics Project.exe
     1>Done Building Project "D:\ZombieAttack\iGraphics Project\iGraphics Project\iGraphics Project.vcxproj" (Build target(s)).

Build succeeded.

Time Elapsed 00:00:01.82
